<?xml version="1.0" encoding="UTF-8"?>
<!-- Generated by org.testng.reporters.JUnitXMLReporter -->
<testsuite ignored="0" hostname="DESKTOP-1EUJPDG" failures="1" tests="1" name="Test" time="91.733" errors="0" timestamp="2023-02-27T15:02:12 IST">
  <testcase classname="com.classplus.tests.ClassplusLoginTest" name="checkStoreHeaders" time="34.426">
    <failure type="java.lang.AssertionError" message="expected [null] but found []">
      <![CDATA[java.lang.AssertionError: expected [null] but found []
at com.classplus.tests.ClassplusLoginTest.checkStoreHeaders(ClassplusLoginTest.java:60)
at java.base/java.util.ArrayList.forEach(ArrayList.java:1511)
... Removed 33 stack frames]]>
    </failure>
  </testcase> <!-- checkStoreHeaders -->
</testsuite> <!-- Test -->
