<?xml version="1.0" encoding="UTF-8"?>
<testsuite xmlns:xsi="http://www.w3.org/2001/XMLSchema-instance" xsi:noNamespaceSchemaLocation="https://maven.apache.org/surefire/maven-surefire-plugin/xsd/surefire-test-report-3.0.xsd" version="3.0" name="TestSuite" time="34.008" tests="3" errors="0" skipped="0" failures="1">
  <properties>
[...]
</properties>
  <testcase name="testCourseCreationPageVisible" classname="com.classplus.tests.CreateClassDataProvideTest" time="4.987">
    <failure message="ASSERTION FAILED:: Course Creation Page Heading not matched as expected expected [null] but found [Create Course]" type="java.lang.AssertionError"><![CDATA[java.lang.AssertionError: ASSERTION FAILED:: Course Creation Page Heading not matched as expected expected [null] but found [Create Course]
	at com.classplus.tests.CreateClassDataProvideTest.testCourseCreationPageVisible(CreateClassDataProvideTest.java:69)
]]></failure>
    <system-out><![CDATA[2023-01-23 14:05:42,961 [main] INFO  com.classplus.tests.ClassplusBaseTest  - Starting of method getWebDriver
2023-01-23 14:05:47,609 [main] INFO  com.classplus.tests.ClassplusBaseTest  - ***************** Driver Successfully Created **************** 
2023-01-23 14:05:47,610 [main] INFO  com.classplus.tests.ClassplusBaseTest  - End of method getWebDriver
]]></system-out>
    <system-err><![CDATA[SLF4J: Failed to load class "org.slf4j.impl.StaticLoggerBinder".
SLF4J: Defaulting to no-operation (NOP) logger implementation
SLF4J: See http://www.slf4j.org/codes.html#StaticLoggerBinder for further details.
Starting ChromeDriver 109.0.5414.74 (e7c5703604daa9cc128ccf5a5d3e993513758913-refs/branch-heads/5414@{#1172}) on port 1755
Only local connections are allowed.
Please see https://chromedriver.chromium.org/security-considerations for suggestions on keeping ChromeDriver safe.
ChromeDriver was started successfully.
Jan 23, 2023 2:05:47 PM org.openqa.selenium.remote.ProtocolHandshake createSession
INFO: Detected dialect: W3C
]]></system-err>
  </testcase>
  <testcase name="createCourse[valid, Qwerty](1)" classname="com.classplus.tests.CreateClassDataProvideTest" time="8.794"/>
  <testcase name="createCourse[invalid, as](2)" classname="com.classplus.tests.CreateClassDataProvideTest" time="8.335"/>
</testsuite>