-------------------------------------------------------------------------------
Test set: TestSuite
-------------------------------------------------------------------------------
Tests run: 3, Failures: 1, Errors: 0, Skipped: 0, Time elapsed: 34.008 s <<< FAILURE! - in TestSuite
com.classplus.tests.CreateClassDataProvideTest.testCourseCreationPageVisible  Time elapsed: 4.987 s  <<< FAILURE!
java.lang.AssertionError: ASSERTION FAILED:: Course Creation Page Heading not matched as expected expected [null] but found [Create Course]
	at com.classplus.tests.CreateClassDataProvideTest.testCourseCreationPageVisible(CreateClassDataProvideTest.java:69)

